<?xml version="1.0" encoding="UTF-8"?>
<testsuite name="SearchTests" tests="1" skipped="0" failures="0" errors="0" timestamp="2023-04-06T10:54:00" hostname="MSK15-N0266" time="8.318">
  <properties/>
  <testcase name="successfulSearchTest()" classname="SearchTests" time="8.318"/>
  <system-out><![CDATA[]]></system-out>
  <system-err><![CDATA[SLF4J: No SLF4J providers were found.
SLF4J: Defaulting to no-operation (NOP) logger implementation
SLF4J: See https://www.slf4j.org/codes.html#noProviders for further details.
Starting ChromeDriver 110.0.5481.77 (65ed616c6e8ee3fe0ad64fe83796c020644d42af-refs/branch-heads/5481@{#839}) on port 34578
Only local connections are allowed.
Please see https://chromedriver.chromium.org/security-considerations for suggestions on keeping ChromeDriver safe.
ChromeDriver was started successfully.
[1680778443.443][WARNING]: virtual void DevToolsClientImpl::AddListener(DevToolsEventListener *) subscribing a listener to the already connected DevToolsClient. Connection notification will not arrive.
]]></system-err>
</testsuite>
